Analysis & Synthesis report for Leningrad
Thu Aug 01 11:34:35 2024
Quartus II 64-Bit Version 13.0.1 Build 232 06/12/2013 Service Pack 1 SJ Full Version


---------------------
; Table of Contents ;
---------------------
  1. Legal Notice
  2. Analysis & Synthesis Summary
  3. Analysis & Synthesis Settings
  4. Parallel Compilation
  5. Analysis & Synthesis Source Files Read
  6. Analysis & Synthesis Resource Usage Summary
  7. Analysis & Synthesis Resource Utilization by Entity
  8. State Machine - |Leningrad|rstate
  9. State Machine - |Leningrad|divmmc_v:mdv|transState
 10. Registers Removed During Synthesis
 11. Removed Registers Triggering Further Register Optimizations
 12. General Register Statistics
 13. Inverted Register Statistics
 14. Multiplexer Restructuring Statistics (Restructuring Performed)
 15. Port Connectivity Checks: "divmmc_v:mdv"
 16. Port Connectivity Checks: "ps2:mkb"
 17. Analysis & Synthesis Messages
 18. Analysis & Synthesis Suppressed Messages



----------------
; Legal Notice ;
----------------
Copyright (C) 1991-2013 Altera Corporation
Your use of Altera Corporation's design tools, logic functions 
and other software and tools, and its AMPP partner logic 
functions, and any output files from any of the foregoing 
(including device programming or simulation files), and any 
associated documentation or information are expressly subject 
to the terms and conditions of the Altera Program License 
Subscription Agreement, Altera MegaCore Function License 
Agreement, or other applicable license agreement, including, 
without limitation, that your use is for the sole purpose of 
programming logic devices manufactured by Altera and sold by 
Altera or its authorized distributors.  Please refer to the 
applicable agreement for further details.



+--------------------------------------------------------------------------------+
; Analysis & Synthesis Summary                                                   ;
+-----------------------------+--------------------------------------------------+
; Analysis & Synthesis Status ; Successful - Thu Aug 01 11:34:35 2024            ;
; Quartus II 64-Bit Version   ; 13.0.1 Build 232 06/12/2013 SP 1 SJ Full Version ;
; Revision Name               ; Leningrad                                        ;
; Top-level Entity Name       ; Leningrad                                        ;
; Family                      ; MAX II                                           ;
; Total logic elements        ; 619                                              ;
; Total pins                  ; 107                                              ;
; Total virtual pins          ; 0                                                ;
; UFM blocks                  ; 0 / 1 ( 0 % )                                    ;
+-----------------------------+--------------------------------------------------+


+----------------------------------------------------------------------------------------------------------------------+
; Analysis & Synthesis Settings                                                                                        ;
+----------------------------------------------------------------------------+--------------------+--------------------+
; Option                                                                     ; Setting            ; Default Value      ;
+----------------------------------------------------------------------------+--------------------+--------------------+
; Device                                                                     ; EPM1270T144C5      ;                    ;
; Top-level entity name                                                      ; Leningrad          ; Leningrad          ;
; Family name                                                                ; MAX II             ; Cyclone IV GX      ;
; Use smart compilation                                                      ; Off                ; Off                ;
; Enable parallel Assembler and TimeQuest Timing Analyzer during compilation ; On                 ; On                 ;
; Enable compact report table                                                ; Off                ; Off                ;
; Restructure Multiplexers                                                   ; Auto               ; Auto               ;
; Create Debugging Nodes for IP Cores                                        ; Off                ; Off                ;
; Preserve fewer node names                                                  ; On                 ; On                 ;
; Disable OpenCore Plus hardware evaluation                                  ; Off                ; Off                ;
; Verilog Version                                                            ; Verilog_2001       ; Verilog_2001       ;
; VHDL Version                                                               ; VHDL_1993          ; VHDL_1993          ;
; State Machine Processing                                                   ; Auto               ; Auto               ;
; Safe State Machine                                                         ; Off                ; Off                ;
; Extract Verilog State Machines                                             ; On                 ; On                 ;
; Extract VHDL State Machines                                                ; On                 ; On                 ;
; Ignore Verilog initial constructs                                          ; Off                ; Off                ;
; Iteration limit for constant Verilog loops                                 ; 5000               ; 5000               ;
; Iteration limit for non-constant Verilog loops                             ; 250                ; 250                ;
; Add Pass-Through Logic to Inferred RAMs                                    ; On                 ; On                 ;
; Infer RAMs from Raw Logic                                                  ; On                 ; On                 ;
; Parallel Synthesis                                                         ; On                 ; On                 ;
; NOT Gate Push-Back                                                         ; On                 ; On                 ;
; Power-Up Don't Care                                                        ; On                 ; On                 ;
; Remove Redundant Logic Cells                                               ; Off                ; Off                ;
; Remove Duplicate Registers                                                 ; On                 ; On                 ;
; Ignore CARRY Buffers                                                       ; Off                ; Off                ;
; Ignore CASCADE Buffers                                                     ; Off                ; Off                ;
; Ignore GLOBAL Buffers                                                      ; Off                ; Off                ;
; Ignore ROW GLOBAL Buffers                                                  ; Off                ; Off                ;
; Ignore LCELL Buffers                                                       ; Off                ; Off                ;
; Ignore SOFT Buffers                                                        ; On                 ; On                 ;
; Limit AHDL Integers to 32 Bits                                             ; Off                ; Off                ;
; Optimization Technique                                                     ; Balanced           ; Balanced           ;
; Carry Chain Length                                                         ; 70                 ; 70                 ;
; Auto Carry Chains                                                          ; On                 ; On                 ;
; Auto Open-Drain Pins                                                       ; On                 ; On                 ;
; Perform WYSIWYG Primitive Resynthesis                                      ; Off                ; Off                ;
; Auto Shift Register Replacement                                            ; Auto               ; Auto               ;
; Allow Shift Register Merging across Hierarchies                            ; Auto               ; Auto               ;
; Auto Clock Enable Replacement                                              ; On                 ; On                 ;
; Allow Synchronous Control Signals                                          ; On                 ; On                 ;
; Force Use of Synchronous Clear Signals                                     ; Off                ; Off                ;
; Auto Resource Sharing                                                      ; Off                ; Off                ;
; Use LogicLock Constraints during Resource Balancing                        ; On                 ; On                 ;
; Ignore translate_off and synthesis_off directives                          ; Off                ; Off                ;
; Report Parameter Settings                                                  ; On                 ; On                 ;
; Report Source Assignments                                                  ; On                 ; On                 ;
; Report Connectivity Checks                                                 ; On                 ; On                 ;
; Ignore Maximum Fan-Out Assignments                                         ; Off                ; Off                ;
; Synchronization Register Chain Length                                      ; 2                  ; 2                  ;
; PowerPlay Power Optimization                                               ; Normal compilation ; Normal compilation ;
; HDL message level                                                          ; Level2             ; Level2             ;
; Suppress Register Optimization Related Messages                            ; Off                ; Off                ;
; Number of Removed Registers Reported in Synthesis Report                   ; 5000               ; 5000               ;
; Number of Swept Nodes Reported in Synthesis Report                         ; 5000               ; 5000               ;
; Number of Inverted Registers Reported in Synthesis Report                  ; 100                ; 100                ;
; Clock MUX Protection                                                       ; On                 ; On                 ;
; Block Design Naming                                                        ; Auto               ; Auto               ;
; Synthesis Effort                                                           ; Auto               ; Auto               ;
; Shift Register Replacement - Allow Asynchronous Clear Signal               ; On                 ; On                 ;
; Pre-Mapping Resynthesis Optimization                                       ; Off                ; Off                ;
; Analysis & Synthesis Message Level                                         ; Medium             ; Medium             ;
; Disable Register Merging Across Hierarchies                                ; Auto               ; Auto               ;
; Synthesis Seed                                                             ; 1                  ; 1                  ;
+----------------------------------------------------------------------------+--------------------+--------------------+


+------------------------------------------+
; Parallel Compilation                     ;
+----------------------------+-------------+
; Processors                 ; Number      ;
+----------------------------+-------------+
; Number detected on machine ; 16          ;
; Maximum allowed            ; 16          ;
;                            ;             ;
; Average used               ; 1.00        ;
; Maximum used               ; 1           ;
;                            ;             ;
; Usage by Processor         ; % Time Used ;
;     Processor 1            ; 100.0%      ;
;     Processors 2-16        ;   0.0%      ;
+----------------------------+-------------+


+-----------------------------------------------------------------------------------------------------------------------------------+
; Analysis & Synthesis Source Files Read                                                                                            ;
+----------------------------------+-----------------+------------------------+-------------------------------------------+---------+
; File Name with User-Entered Path ; Used in Netlist ; File Type              ; File Name with Absolute Path              ; Library ;
+----------------------------------+-----------------+------------------------+-------------------------------------------+---------+
; Leningrad.v                      ; yes             ; User Verilog HDL File  ; D:/quartus_projects/Leningrad/Leningrad.v ;         ;
; ps2.v                            ; yes             ; User Verilog HDL File  ; D:/quartus_projects/Leningrad/ps2.v       ;         ;
; divmmv_v.v                       ; yes             ; User Verilog HDL File  ; D:/quartus_projects/Leningrad/divmmv_v.v  ;         ;
+----------------------------------+-----------------+------------------------+-------------------------------------------+---------+


+-----------------------------------------------------+
; Analysis & Synthesis Resource Usage Summary         ;
+---------------------------------------------+-------+
; Resource                                    ; Usage ;
+---------------------------------------------+-------+
; Total logic elements                        ; 619   ;
;     -- Combinational with no register       ; 306   ;
;     -- Register only                        ; 98    ;
;     -- Combinational with a register        ; 215   ;
;                                             ;       ;
; Logic element usage by number of LUT inputs ;       ;
;     -- 4 input functions                    ; 264   ;
;     -- 3 input functions                    ; 100   ;
;     -- 2 input functions                    ; 128   ;
;     -- 1 input functions                    ; 25    ;
;     -- 0 input functions                    ; 4     ;
;                                             ;       ;
; Logic elements by mode                      ;       ;
;     -- normal mode                          ; 574   ;
;     -- arithmetic mode                      ; 45    ;
;     -- qfbk mode                            ; 0     ;
;     -- register cascade mode                ; 0     ;
;     -- synchronous clear/load mode          ; 58    ;
;     -- asynchronous clear/load mode         ; 181   ;
;                                             ;       ;
; Total registers                             ; 313   ;
; Total logic cells in carry chains           ; 52    ;
; I/O pins                                    ; 107   ;
; Maximum fan-out node                        ; rst   ;
; Maximum fan-out                             ; 184   ;
; Total fan-out                               ; 2567  ;
; Average fan-out                             ; 3.54  ;
+---------------------------------------------+-------+


+--------------------------------------------------------------------------------------------------------------------------------------------------------------------------------------------------------------------------+
; Analysis & Synthesis Resource Utilization by Entity                                                                                                                                                                      ;
+----------------------------+-------------+--------------+------------+------+--------------+--------------+-------------------+------------------+-----------------+------------+-------------------------+--------------+
; Compilation Hierarchy Node ; Logic Cells ; LC Registers ; UFM Blocks ; Pins ; Virtual Pins ; LUT-Only LCs ; Register-Only LCs ; LUT/Register LCs ; Carry Chain LCs ; Packed LCs ; Full Hierarchy Name     ; Library Name ;
+----------------------------+-------------+--------------+------------+------+--------------+--------------+-------------------+------------------+-----------------+------------+-------------------------+--------------+
; |Leningrad                 ; 619 (319)   ; 313          ; 0          ; 107  ; 0            ; 306 (134)    ; 98 (74)           ; 215 (111)        ; 52 (32)         ; 0 (0)      ; |Leningrad              ; work         ;
;    |divmmc_v:mdv|          ; 87 (87)     ; 42           ; 0          ; 0    ; 0            ; 45 (45)      ; 13 (13)           ; 29 (29)          ; 0 (0)           ; 0 (0)      ; |Leningrad|divmmc_v:mdv ; work         ;
;    |ps2:mkb|               ; 213 (213)   ; 86           ; 0          ; 0    ; 0            ; 127 (127)    ; 11 (11)           ; 75 (75)          ; 20 (20)         ; 0 (0)      ; |Leningrad|ps2:mkb      ; work         ;
+----------------------------+-------------+--------------+------------+------+--------------+--------------+-------------------+------------------+-----------------+------------+-------------------------+--------------+
Note: For table entries with two numbers listed, the numbers in parentheses indicate the number of resources of the given type used by the specific entity alone. The numbers listed outside of parentheses indicate the total resources of the given type used by the specific entity and all of its sub-entities in the hierarchy.


Encoding Type:  One-Hot
+-----------------------------------------------------------------------------------------------------------------------------------------------------------------------------------------------------------------+
; State Machine - |Leningrad|rstate                                                                                                                                                                               ;
+-------------+-------------+-------------+-------------+-------------+-------------+-------------+-------------+-------------+-------------+-------------+-------------+-------------+-------------+-------------+
; Name        ; rstate.1111 ; rstate.1110 ; rstate.1101 ; rstate.1100 ; rstate.1011 ; rstate.1010 ; rstate.1001 ; rstate.1000 ; rstate.0111 ; rstate.0110 ; rstate.0011 ; rstate.0010 ; rstate.0001 ; rstate.0000 ;
+-------------+-------------+-------------+-------------+-------------+-------------+-------------+-------------+-------------+-------------+-------------+-------------+-------------+-------------+-------------+
; rstate.0000 ; 0           ; 0           ; 0           ; 0           ; 0           ; 0           ; 0           ; 0           ; 0           ; 0           ; 0           ; 0           ; 0           ; 0           ;
; rstate.0001 ; 0           ; 0           ; 0           ; 0           ; 0           ; 0           ; 0           ; 0           ; 0           ; 0           ; 0           ; 0           ; 1           ; 1           ;
; rstate.0010 ; 0           ; 0           ; 0           ; 0           ; 0           ; 0           ; 0           ; 0           ; 0           ; 0           ; 0           ; 1           ; 0           ; 1           ;
; rstate.0011 ; 0           ; 0           ; 0           ; 0           ; 0           ; 0           ; 0           ; 0           ; 0           ; 0           ; 1           ; 0           ; 0           ; 1           ;
; rstate.0110 ; 0           ; 0           ; 0           ; 0           ; 0           ; 0           ; 0           ; 0           ; 0           ; 1           ; 0           ; 0           ; 0           ; 1           ;
; rstate.0111 ; 0           ; 0           ; 0           ; 0           ; 0           ; 0           ; 0           ; 0           ; 1           ; 0           ; 0           ; 0           ; 0           ; 1           ;
; rstate.1000 ; 0           ; 0           ; 0           ; 0           ; 0           ; 0           ; 0           ; 1           ; 0           ; 0           ; 0           ; 0           ; 0           ; 1           ;
; rstate.1001 ; 0           ; 0           ; 0           ; 0           ; 0           ; 0           ; 1           ; 0           ; 0           ; 0           ; 0           ; 0           ; 0           ; 1           ;
; rstate.1010 ; 0           ; 0           ; 0           ; 0           ; 0           ; 1           ; 0           ; 0           ; 0           ; 0           ; 0           ; 0           ; 0           ; 1           ;
; rstate.1011 ; 0           ; 0           ; 0           ; 0           ; 1           ; 0           ; 0           ; 0           ; 0           ; 0           ; 0           ; 0           ; 0           ; 1           ;
; rstate.1100 ; 0           ; 0           ; 0           ; 1           ; 0           ; 0           ; 0           ; 0           ; 0           ; 0           ; 0           ; 0           ; 0           ; 1           ;
; rstate.1101 ; 0           ; 0           ; 1           ; 0           ; 0           ; 0           ; 0           ; 0           ; 0           ; 0           ; 0           ; 0           ; 0           ; 1           ;
; rstate.1110 ; 0           ; 1           ; 0           ; 0           ; 0           ; 0           ; 0           ; 0           ; 0           ; 0           ; 0           ; 0           ; 0           ; 1           ;
; rstate.1111 ; 1           ; 0           ; 0           ; 0           ; 0           ; 0           ; 0           ; 0           ; 0           ; 0           ; 0           ; 0           ; 0           ; 1           ;
+-------------+-------------+-------------+-------------+-------------+-------------+-------------+-------------+-------------+-------------+-------------+-------------+-------------+-------------+-------------+


Encoding Type:  One-Hot
+-------------------------------------------------------------------------------+
; State Machine - |Leningrad|divmmc_v:mdv|transState                            ;
+---------------------+---------------+---------------------+-------------------+
; Name                ; transState.00 ; transState.TRANSMIT ; transState.SAMPLE ;
+---------------------+---------------+---------------------+-------------------+
; transState.00       ; 0             ; 0                   ; 0                 ;
; transState.SAMPLE   ; 1             ; 0                   ; 1                 ;
; transState.TRANSMIT ; 1             ; 1                   ; 0                 ;
+---------------------+---------------+---------------------+-------------------+


+---------------------------------------------------------------------------------+
; Registers Removed During Synthesis                                              ;
+----------------------------------------+----------------------------------------+
; Register name                          ; Reason for Removal                     ;
+----------------------------------------+----------------------------------------+
; rreqadd[17,18]                         ; Stuck at GND due to stuck port data_in ;
; wreqadd[17,18]                         ; Stuck at GND due to stuck port data_in ;
; ramadd[18]                             ; Merged with ramadd[17]                 ;
; ramadd[17]                             ; Stuck at GND due to stuck port data_in ;
; rstate~18                              ; Lost fanout                            ;
; rstate~19                              ; Lost fanout                            ;
; rstate~20                              ; Lost fanout                            ;
; rstate~21                              ; Lost fanout                            ;
; Total Number of Removed Registers = 10 ;                                        ;
+----------------------------------------+----------------------------------------+


+------------------------------------------------------------------------------------+
; Removed Registers Triggering Further Register Optimizations                        ;
+---------------+---------------------------+----------------------------------------+
; Register name ; Reason for Removal        ; Registers Removed due to This Register ;
+---------------+---------------------------+----------------------------------------+
; rreqadd[17]   ; Stuck at GND              ; ramadd[17]                             ;
;               ; due to stuck port data_in ;                                        ;
+---------------+---------------------------+----------------------------------------+


+------------------------------------------------------+
; General Register Statistics                          ;
+----------------------------------------------+-------+
; Statistic                                    ; Value ;
+----------------------------------------------+-------+
; Total registers                              ; 313   ;
; Number of registers using Synchronous Clear  ; 45    ;
; Number of registers using Synchronous Load   ; 13    ;
; Number of registers using Asynchronous Clear ; 181   ;
; Number of registers using Asynchronous Load  ; 0     ;
; Number of registers using Clock Enable       ; 170   ;
; Number of registers using Preset             ; 0     ;
+----------------------------------------------+-------+


+---------------------------------------------------+
; Inverted Register Statistics                      ;
+-----------------------------------------+---------+
; Inverted Register                       ; Fan out ;
+-----------------------------------------+---------+
; FE_W[1]                                 ; 2       ;
; FE_W[2]                                 ; 2       ;
; FE_W[0]                                 ; 2       ;
; hsync                                   ; 1       ;
; vsync                                   ; 7       ;
; FE_W[4]                                 ; 1       ;
; divmmc_v:mdv|card[0]                    ; 1       ;
; divmmc_v:mdv|card[1]                    ; 1       ;
; divmmc_v:mdv|toSDByte[7]                ; 1       ;
; pcn[0]                                  ; 5       ;
; divmmc_v:mdv|toSDByte[6]                ; 1       ;
; ps2:mkb|PREVIOUS_STATE                  ; 6       ;
; divmmc_v:mdv|toSDByte[5]                ; 1       ;
; ior[0]                                  ; 1       ;
; cpudin[0]                               ; 1       ;
; ior[1]                                  ; 1       ;
; cpudin[1]                               ; 1       ;
; ior[2]                                  ; 1       ;
; cpudin[2]                               ; 1       ;
; ior[3]                                  ; 1       ;
; cpudin[3]                               ; 1       ;
; ior[4]                                  ; 1       ;
; cpudin[4]                               ; 1       ;
; ior[5]                                  ; 1       ;
; cpudin[5]                               ; 1       ;
; ior[6]                                  ; 1       ;
; cpudin[6]                               ; 1       ;
; ior[7]                                  ; 1       ;
; cpudin[7]                               ; 1       ;
; divmmc_v:mdv|toCPUByte[0]               ; 1       ;
; divmmc_v:mdv|toCPUByte[1]               ; 1       ;
; divmmc_v:mdv|toCPUByte[2]               ; 1       ;
; divmmc_v:mdv|toCPUByte[3]               ; 1       ;
; divmmc_v:mdv|toCPUByte[4]               ; 1       ;
; divmmc_v:mdv|toCPUByte[5]               ; 1       ;
; divmmc_v:mdv|toCPUByte[6]               ; 1       ;
; divmmc_v:mdv|toCPUByte[7]               ; 1       ;
; divmmc_v:mdv|toSDByte[4]                ; 1       ;
; ps2:mkb|KR[5]                           ; 2       ;
; ps2:mkb|KR[0]                           ; 2       ;
; ps2:mkb|KR[15]                          ; 2       ;
; ps2:mkb|KR[10]                          ; 2       ;
; ps2:mkb|KR[20]                          ; 2       ;
; ps2:mkb|KR[25]                          ; 2       ;
; ps2:mkb|KR[35]                          ; 2       ;
; ps2:mkb|KR[30]                          ; 2       ;
; ps2:mkb|KR[6]                           ; 2       ;
; ps2:mkb|KR[1]                           ; 2       ;
; ps2:mkb|KR[16]                          ; 2       ;
; ps2:mkb|KR[11]                          ; 2       ;
; ps2:mkb|KR[21]                          ; 2       ;
; ps2:mkb|KR[26]                          ; 2       ;
; ps2:mkb|KR[36]                          ; 2       ;
; ps2:mkb|KR[31]                          ; 2       ;
; ps2:mkb|KR[7]                           ; 2       ;
; ps2:mkb|KR[2]                           ; 2       ;
; ps2:mkb|KR[17]                          ; 2       ;
; ps2:mkb|KR[12]                          ; 2       ;
; ps2:mkb|KR[22]                          ; 2       ;
; ps2:mkb|KR[27]                          ; 2       ;
; ps2:mkb|KR[37]                          ; 2       ;
; ps2:mkb|KR[32]                          ; 2       ;
; ps2:mkb|KR[8]                           ; 2       ;
; ps2:mkb|KR[3]                           ; 2       ;
; ps2:mkb|KR[18]                          ; 2       ;
; ps2:mkb|KR[13]                          ; 2       ;
; ps2:mkb|KR[23]                          ; 2       ;
; ps2:mkb|KR[28]                          ; 2       ;
; ps2:mkb|KR[38]                          ; 2       ;
; ps2:mkb|KR[33]                          ; 2       ;
; ps2:mkb|KR[9]                           ; 2       ;
; ps2:mkb|KR[4]                           ; 2       ;
; ps2:mkb|KR[19]                          ; 2       ;
; ps2:mkb|KR[14]                          ; 2       ;
; ps2:mkb|KR[24]                          ; 2       ;
; ps2:mkb|KR[29]                          ; 2       ;
; ps2:mkb|KR[39]                          ; 2       ;
; ps2:mkb|KR[34]                          ; 2       ;
; divmmc_v:mdv|fromSDByte[0]              ; 2       ;
; divmmc_v:mdv|fromSDByte[1]              ; 2       ;
; divmmc_v:mdv|fromSDByte[2]              ; 2       ;
; divmmc_v:mdv|fromSDByte[3]              ; 2       ;
; divmmc_v:mdv|fromSDByte[4]              ; 2       ;
; divmmc_v:mdv|fromSDByte[5]              ; 2       ;
; divmmc_v:mdv|fromSDByte[6]              ; 1       ;
; divmmc_v:mdv|toSDByte[3]                ; 1       ;
; divmmc_v:mdv|toSDByte[2]                ; 1       ;
; divmmc_v:mdv|toSDByte[1]                ; 1       ;
; divmmc_v:mdv|toSDByte[0]                ; 2       ;
; Total number of inverted registers = 89 ;         ;
+-----------------------------------------+---------+


+---------------------------------------------------------------------------------------------------------------------------------------------------+
; Multiplexer Restructuring Statistics (Restructuring Performed)                                                                                    ;
+--------------------+-----------+---------------+----------------------+------------------------+------------+-------------------------------------+
; Multiplexer Inputs ; Bus Width ; Baseline Area ; Area if Restructured ; Saving if Restructured ; Registered ; Example Multiplexer Output          ;
+--------------------+-----------+---------------+----------------------+------------------------+------------+-------------------------------------+
; 4:1                ; 3 bits    ; 6 LEs         ; 6 LEs                ; 0 LEs                  ; Yes        ; |Leningrad|ram_bank[0]              ;
; 3:1                ; 2 bits    ; 4 LEs         ; 2 LEs                ; 2 LEs                  ; Yes        ; |Leningrad|rdel[1]                  ;
; 5:1                ; 4 bits    ; 12 LEs        ; 4 LEs                ; 8 LEs                  ; Yes        ; |Leningrad|ps2:mkb|COUNT[3]         ;
; 5:1                ; 2 bits    ; 6 LEs         ; 4 LEs                ; 2 LEs                  ; Yes        ; |Leningrad|ramadd[13]               ;
; 5:1                ; 3 bits    ; 9 LEs         ; 6 LEs                ; 3 LEs                  ; Yes        ; |Leningrad|ramadd[11]               ;
; 5:1                ; 8 bits    ; 24 LEs        ; 16 LEs               ; 8 LEs                  ; Yes        ; |Leningrad|ramadd[0]                ;
; 5:1                ; 2 bits    ; 6 LEs         ; 4 LEs                ; 2 LEs                  ; Yes        ; |Leningrad|ramadd[9]                ;
; 3:1                ; 2 bits    ; 4 LEs         ; 2 LEs                ; 2 LEs                  ; Yes        ; |Leningrad|ior[7]                   ;
; 7:1                ; 7 bits    ; 28 LEs        ; 7 LEs                ; 21 LEs                 ; Yes        ; |Leningrad|divmmc_v:mdv|toSDByte[4] ;
; 257:1              ; 2 bits    ; 342 LEs       ; 8 LEs                ; 334 LEs                ; Yes        ; |Leningrad|ior[4]                   ;
; 257:1              ; 3 bits    ; 513 LEs       ; 12 LEs               ; 501 LEs                ; Yes        ; |Leningrad|ior[0]                   ;
; 4:1                ; 3 bits    ; 6 LEs         ; 6 LEs                ; 0 LEs                  ; No         ; |Leningrad|G                        ;
; 5:1                ; 6 bits    ; 18 LEs        ; 6 LEs                ; 12 LEs                 ; No         ; |Leningrad|rstate                   ;
; 6:1                ; 4 bits    ; 16 LEs        ; 16 LEs               ; 0 LEs                  ; No         ; |Leningrad|rstate                   ;
+--------------------+-----------+---------------+----------------------+------------------------+------------+-------------------------------------+


+--------------------------------------------------------------------------------------------------------------------------------------+
; Port Connectivity Checks: "divmmc_v:mdv"                                                                                             ;
+-------+--------+----------+----------------------------------------------------------------------------------------------------------+
; Port  ; Type   ; Severity ; Details                                                                                                  ;
+-------+--------+----------+----------------------------------------------------------------------------------------------------------+
; romwr ; Output ; Warning  ; Declared by entity but not connected by instance. Logic that only feeds a dangling port will be removed. ;
+-------+--------+----------+----------------------------------------------------------------------------------------------------------+


+----------------------------------------------------------------------------------------------------------------------------------------+
; Port Connectivity Checks: "ps2:mkb"                                                                                                    ;
+---------+--------+----------+----------------------------------------------------------------------------------------------------------+
; Port    ; Type   ; Severity ; Details                                                                                                  ;
+---------+--------+----------+----------------------------------------------------------------------------------------------------------+
; nmi_out ; Output ; Warning  ; Declared by entity but not connected by instance. Logic that only feeds a dangling port will be removed. ;
+---------+--------+----------+----------------------------------------------------------------------------------------------------------+


+-------------------------------+
; Analysis & Synthesis Messages ;
+-------------------------------+
Info: *******************************************************************
Info: Running Quartus II 64-Bit Analysis & Synthesis
    Info: Version 13.0.1 Build 232 06/12/2013 Service Pack 1 SJ Full Version
    Info: Processing started: Thu Aug 01 11:34:31 2024
Info: Command: quartus_map --read_settings_files=on --write_settings_files=off Leningrad -c Leningrad
Info (20030): Parallel compilation is enabled and will use 16 of the 16 processors detected
Info (12021): Found 1 design units, including 1 entities, in source file leningrad.v
    Info (12023): Found entity 1: Leningrad
Info (12021): Found 1 design units, including 1 entities, in source file ps2.v
    Info (12023): Found entity 1: ps2
Warning (10335): Unrecognized synthesis attribute "PWR_MODE" at divmmc.vhd(135)
Warning (10335): Unrecognized synthesis attribute "PWR_MODE" at divmmc.vhd(136)
Warning (10335): Unrecognized synthesis attribute "PWR_MODE" at divmmc.vhd(137)
Warning (10335): Unrecognized synthesis attribute "FAST" at divmmc.vhd(138)
Warning (10335): Unrecognized synthesis attribute "FAST" at divmmc.vhd(139)
Warning (10335): Unrecognized synthesis attribute "FAST" at divmmc.vhd(140)
Info (12021): Found 2 design units, including 1 entities, in source file divmmc.vhd
    Info (12022): Found design unit 1: divmmc-Behavioral
    Info (12023): Found entity 1: divmmc
Info (12021): Found 1 design units, including 1 entities, in source file divmmv_v.v
    Info (12023): Found entity 1: divmmc_v
Info (12127): Elaborating entity "Leningrad" for the top level hierarchy
Warning (10230): Verilog HDL assignment warning at Leningrad.v(66): truncated value with size 32 to match size of target (5)
Warning (10230): Verilog HDL assignment warning at Leningrad.v(84): truncated value with size 32 to match size of target (3)
Warning (10230): Verilog HDL assignment warning at Leningrad.v(96): truncated value with size 32 to match size of target (9)
Warning (10230): Verilog HDL assignment warning at Leningrad.v(100): truncated value with size 32 to match size of target (9)
Warning (10230): Verilog HDL assignment warning at Leningrad.v(136): truncated value with size 32 to match size of target (9)
Warning (10230): Verilog HDL assignment warning at Leningrad.v(163): truncated value with size 32 to match size of target (1)
Warning (10230): Verilog HDL assignment warning at Leningrad.v(164): truncated value with size 32 to match size of target (1)
Warning (10230): Verilog HDL assignment warning at Leningrad.v(232): truncated value with size 32 to match size of target (2)
Warning (10230): Verilog HDL assignment warning at Leningrad.v(251): truncated value with size 32 to match size of target (2)
Warning (10230): Verilog HDL assignment warning at Leningrad.v(278): truncated value with size 32 to match size of target (2)
Warning (10230): Verilog HDL assignment warning at Leningrad.v(305): truncated value with size 32 to match size of target (2)
Warning (10230): Verilog HDL assignment warning at Leningrad.v(335): truncated value with size 32 to match size of target (2)
Warning (10230): Verilog HDL assignment warning at Leningrad.v(374): truncated value with size 32 to match size of target (5)
Warning (10230): Verilog HDL assignment warning at Leningrad.v(378): truncated value with size 32 to match size of target (1)
Warning (10230): Verilog HDL assignment warning at Leningrad.v(394): truncated value with size 32 to match size of target (1)
Warning (10230): Verilog HDL assignment warning at Leningrad.v(395): truncated value with size 32 to match size of target (1)
Warning (10230): Verilog HDL assignment warning at Leningrad.v(396): truncated value with size 32 to match size of target (1)
Warning (10230): Verilog HDL assignment warning at Leningrad.v(398): truncated value with size 32 to match size of target (1)
Warning (10230): Verilog HDL assignment warning at Leningrad.v(492): truncated value with size 32 to match size of target (1)
Info (12128): Elaborating entity "ps2" for hierarchy "ps2:mkb"
Warning (10036): Verilog HDL or VHDL warning at ps2.v(25): object "CODEWORD" assigned a value but never read
Warning (10230): Verilog HDL assignment warning at ps2.v(45): truncated value with size 32 to match size of target (8)
Warning (10230): Verilog HDL assignment warning at ps2.v(57): truncated value with size 32 to match size of target (12)
Warning (10230): Verilog HDL assignment warning at ps2.v(71): truncated value with size 32 to match size of target (4)
Info (12128): Elaborating entity "divmmc_v" for hierarchy "divmmc_v:mdv"
Warning (10230): Verilog HDL assignment warning at divmmv_v.v(53): truncated value with size 32 to match size of target (1)
Warning (10230): Verilog HDL assignment warning at divmmv_v.v(59): truncated value with size 32 to match size of target (1)
Warning (10230): Verilog HDL assignment warning at divmmv_v.v(62): truncated value with size 32 to match size of target (1)
Warning (10230): Verilog HDL assignment warning at divmmv_v.v(66): truncated value with size 32 to match size of target (1)
Warning (10230): Verilog HDL assignment warning at divmmv_v.v(73): truncated value with size 32 to match size of target (1)
Warning (10230): Verilog HDL assignment warning at divmmv_v.v(74): truncated value with size 32 to match size of target (1)
Warning (10230): Verilog HDL assignment warning at divmmv_v.v(89): truncated value with size 32 to match size of target (1)
Warning (10230): Verilog HDL assignment warning at divmmv_v.v(117): truncated value with size 32 to match size of target (1)
Warning (10230): Verilog HDL assignment warning at divmmv_v.v(173): truncated value with size 32 to match size of target (4)
Warning (12241): 2 hierarchies have connectivity warnings - see the Connectivity Checks report folder
Warning (13024): Output pins are stuck at VCC or GND
    Warning (13410): Pin "WAIT" is stuck at VCC
    Warning (13410): Pin "ROM_BANK[1]" is stuck at GND
    Warning (13410): Pin "RAM_A[17]" is stuck at GND
    Warning (13410): Pin "RAM_A[18]" is stuck at GND
    Warning (13410): Pin "ROMWR" is stuck at VCC
Info (18000): Registers with preset signals will power-up high
Info (17049): 4 registers lost all their fanouts during netlist optimizations.
Info (21057): Implemented 726 device resources after synthesis - the final resource count might be different
    Info (21058): Implemented 29 input pins
    Info (21059): Implemented 54 output pins
    Info (21060): Implemented 24 bidirectional pins
    Info (21061): Implemented 619 logic cells
Info (144001): Generated suppressed messages file D:/quartus_projects/Leningrad/output_files/Leningrad.map.smsg
Info: Quartus II 64-Bit Analysis & Synthesis was successful. 0 errors, 45 warnings
    Info: Peak virtual memory: 4622 megabytes
    Info: Processing ended: Thu Aug 01 11:34:35 2024
    Info: Elapsed time: 00:00:04
    Info: Total CPU time (on all processors): 00:00:04


+------------------------------------------+
; Analysis & Synthesis Suppressed Messages ;
+------------------------------------------+
The suppressed messages can be found in D:/quartus_projects/Leningrad/output_files/Leningrad.map.smsg.


